# JRE version: OpenJDK Runtime Environment Temurin-17.0.9+9 (17.0.9+9) (build 17.0.9+9)
# Java VM: OpenJDK 64-Bit Server VM Temurin-17.0.9+9 (17.0.9+9, mixed mode, emulated-client, tiered, compressed oops, compressed class ptrs, g1 gc, windows-amd64)
GC Precious Log:
 CPUs: 8 total, 8 available
 Memory: 8071M
 Large Page Support: Disabled
 NUMA Support: Disabled
 Compressed Oops: Enabled (32-bit)
 Heap Region Size: 1M
 Heap Min Capacity: 8M
 Heap Initial Capacity: 128M
 Heap Max Capacity: 1G
 Pre-touch: Disabled
 Parallel Workers: 8
 Concurrent Workers: 2
 Concurrent Refinement Workers: 8
 Periodic GC: Disabled
Heap:
 garbage-first heap   total 122880K, used 40850K [0x00000000c0000000, 0x0000000100000000)
  region size 1024K, 1 young (1024K), 0 survivors (0K)
 Metaspace       used 62881K, committed 63360K, reserved 1114112K
  class space    used 7606K, committed 7808K, reserved 1048576K
GC Heap History (20 events):
Event: 622222.270 GC heap before
{Heap before GC invocations=8561 (full 8215):
 garbage-first heap   total 122880K, used 40850K [0x00000000c0000000, 0x0000000100000000)
  region size 1024K, 1 young (1024K), 0 survivors (0K)
 Metaspace       used 62881K, committed 63360K, reserved 1114112K
  class space    used 7606K, committed 7808K, reserved 1048576K
}
Event: 622222.387 GC heap after
{Heap after GC invocations=8562 (full 8216):
 garbage-first heap   total 122880K, used 40850K [0x00000000c0000000, 0x0000000100000000)
  region size 1024K, 0 young (0K), 0 survivors (0K)
 Metaspace       used 62881K, committed 63360K, reserved 1114112K
  class space    used 7606K, committed 7808K, reserved 1048576K
}
Event: 622232.727 GC heap before
{Heap before GC invocations=8562 (full 8216):
 garbage-first heap   total 122880K, used 40850K [0x00000000c0000000, 0x0000000100000000)
  region size 1024K, 1 young (1024K), 0 survivors (0K)
 Metaspace       used 62881K, committed 63360K, reserved 1114112K
  class space    used 7606K, committed 7808K, reserved 1048576K
}
Event: 622232.843 GC heap after
{Heap after GC invocations=8563 (full 8217):
 garbage-first heap   total 122880K, used 40850K [0x00000000c0000000, 0x0000000100000000)
  region size 1024K, 0 young (0K), 0 survivors (0K)
 Metaspace       used 62881K, committed 63360K, reserved 1114112K
  class space    used 7606K, committed 7808K, reserved 1048576K
}
Event: 622243.143 GC heap before
{Heap before GC invocations=8563 (full 8217):
 garbage-first heap   total 122880K, used 40850K [0x00000000c0000000, 0x0000000100000000)
  region size 1024K, 1 young (1024K), 0 survivors (0K)
 Metaspace       used 62881K, committed 63360K, reserved 1114112K
  class space    used 7606K, committed 7808K, reserved 1048576K
}
Event: 622243.273 GC heap after
{Heap after GC invocations=8564 (full 8218):
 garbage-first heap   total 122880K, used 40850K [0x00000000c0000000, 0x0000000100000000)
  region size 1024K, 0 young (0K), 0 survivors (0K)
 Metaspace       used 62881K, committed 63360K, reserved 1114112K
  class space    used 7606K, committed 7808K, reserved 1048576K
}
Event: 622253.615 GC heap before
{Heap before GC invocations=8564 (full 8218):
 garbage-first heap   total 122880K, used 40850K [0x00000000c0000000, 0x0000000100000000)
  region size 1024K, 1 young (1024K), 0 survivors (0K)
 Metaspace       used 62881K, committed 63360K, reserved 1114112K
  class space    used 7606K, committed 7808K, reserved 1048576K
}
Event: 622253.738 GC heap after
{Heap after GC invocations=8565 (full 8219):
 garbage-first heap   total 122880K, used 40850K [0x00000000c0000000, 0x0000000100000000)
  region size 1024K, 0 young (0K), 0 survivors (0K)
 Metaspace       used 62881K, committed 63360K, reserved 1114112K
  class space    used 7606K, committed 7808K, reserved 1048576K
}
Event: 622264.062 GC heap before
{Heap before GC invocations=8565 (full 8219):
 garbage-first heap   total 122880K, used 40850K [0x00000000c0000000, 0x0000000100000000)
  region size 1024K, 1 young (1024K), 0 survivors (0K)
 Metaspace       used 62881K, committed 63360K, reserved 1114112K
  class space    used 7606K, committed 7808K, reserved 1048576K
}
Event: 622264.180 GC heap after
{Heap after GC invocations=8566 (full 8220):
 garbage-first heap   total 122880K, used 40850K [0x00000000c0000000, 0x0000000100000000)
  region size 1024K, 0 young (0K), 0 survivors (0K)
 Metaspace       used 62881K, committed 63360K, reserved 1114112K
  class space    used 7606K, committed 7808K, reserved 1048576K
}
Event: 622274.467 GC heap before
{Heap before GC invocations=8566 (full 8220):
 garbage-first heap   total 122880K, used 40850K [0x00000000c0000000, 0x0000000100000000)
  region size 1024K, 1 young (1024K), 0 survivors (0K)
 Metaspace       used 62881K, committed 63360K, reserved 1114112K
  class space    used 7606K, committed 7808K, reserved 1048576K
}
Event: 622274.583 GC heap after
{Heap after GC invocations=8567 (full 8221):
 garbage-first heap   total 122880K, used 40850K [0x00000000c0000000, 0x0000000100000000)
  region size 1024K, 0 young (0K), 0 survivors (0K)
 Metaspace       used 62881K, committed 63360K, reserved 1114112K
  class space    used 7606K, committed 7808K, reserved 1048576K
}
Event: 622284.897 GC heap before
{Heap before GC invocations=8567 (full 8221):
 garbage-first heap   total 122880K, used 40850K [0x00000000c0000000, 0x0000000100000000)
  region size 1024K, 1 young (1024K), 0 survivors (0K)
 Metaspace       used 62881K, committed 63360K, reserved 1114112K
  class space    used 7606K, committed 7808K, reserved 1048576K
}
Event: 622285.020 GC heap after
{Heap after GC invocations=8568 (full 8222):
 garbage-first heap   total 122880K, used 40850K [0x00000000c0000000, 0x0000000100000000)
  region size 1024K, 0 young (0K), 0 survivors (0K)
 Metaspace       used 62881K, committed 63360K, reserved 1114112K
  class space    used 7606K, committed 7808K, reserved 1048576K
}
Event: 622295.336 GC heap before
{Heap before GC invocations=8568 (full 8222):
 garbage-first heap   total 122880K, used 40850K [0x00000000c0000000, 0x0000000100000000)
  region size 1024K, 1 young (1024K), 0 survivors (0K)
 Metaspace       used 62881K, committed 63360K, reserved 1114112K
  class space    used 7606K, committed 7808K, reserved 1048576K
}
Event: 622295.445 GC heap after
{Heap after GC invocations=8569 (full 8223):
 garbage-first heap   total 122880K, used 40850K [0x00000000c0000000, 0x0000000100000000)
  region size 1024K, 0 young (0K), 0 survivors (0K)
 Metaspace       used 62881K, committed 63360K, reserved 1114112K
  class space    used 7606K, committed 7808K, reserved 1048576K
}
Event: 622305.899 GC heap before
{Heap before GC invocations=8569 (full 8223):
 garbage-first heap   total 122880K, used 40850K [0x00000000c0000000, 0x0000000100000000)
  region size 1024K, 1 young (1024K), 0 survivors (0K)
 Metaspace       used 62881K, committed 63360K, reserved 1114112K
  class space    used 7606K, committed 7808K, reserved 1048576K
}
Event: 622305.993 GC heap after
{Heap after GC invocations=8570 (full 8224):
 garbage-first heap   total 122880K, used 40850K [0x00000000c0000000, 0x0000000100000000)
  region size 1024K, 0 young (0K), 0 survivors (0K)
 Metaspace       used 62881K, committed 63360K, reserved 1114112K
  class space    used 7606K, committed 7808K, reserved 1048576K
}
Event: 622316.338 GC heap before
{Heap before GC invocations=8570 (full 8224):
 garbage-first heap   total 122880K, used 40850K [0x00000000c0000000, 0x0000000100000000)
  region size 1024K, 1 young (1024K), 0 survivors (0K)
 Metaspace       used 62881K, committed 63360K, reserved 1114112K
  class space    used 7606K, committed 7808K, reserved 1048576K
}
Event: 622316.439 GC heap after
{Heap after GC invocations=8571 (full 8225):
 garbage-first heap   total 122880K, used 40850K [0x00000000c0000000, 0x0000000100000000)
  region size 1024K, 0 young (0K), 0 survivors (0K)
 Metaspace       used 62881K, committed 63360K, reserved 1114112K
  class space    used 7606K, committed 7808K, reserved 1048576K
}

